<?xml version="1.0" encoding="UTF-8"?>
<!-- Generated by org.testng.reporters.JUnitXMLReporter -->
<testsuite hostname="DESKTOP-I12I50L" ignored="0" name="Eod Validation module" tests="40" failures="4" timestamp="17 Oct 2020 04:26:15 GMT" time="0.685" errors="0">
  <testcase name="Test1" time="0.002" classname="eodValidations.Testing"/>
  <testcase name="Test10" time="0.002" classname="eodValidations.Testing"/>
  <testcase name="Test2" time="0.016" classname="eodValidations.Testing">
    <failure type="java.lang.ArithmeticException" message="/ by zero">
      <![CDATA[java.lang.ArithmeticException: / by zero
at eodValidations.Testing.Test2(Testing.java:50)
... Removed 25 stack frames]]>
    </failure>
  </testcase> <!-- Test2 -->
  <testcase name="Test3" time="0.002" classname="eodValidations.Testing"/>
  <testcase name="Test4" time="0.002" classname="eodValidations.Testing"/>
  <testcase name="Test5" time="0.005" classname="eodValidations.Testing"/>
  <testcase name="Test6" time="0.004" classname="eodValidations.Testing"/>
  <testcase name="Test7" time="0.006" classname="eodValidations.Testing"/>
  <testcase name="Test8" time="0.002" classname="eodValidations.Testing"/>
  <testcase name="Test9" time="0.002" classname="eodValidations.Testing"/>
  <testcase name="Test1" time="0.001" classname="eodValidations.Testing2"/>
  <testcase name="Test10" time="0.011" classname="eodValidations.Testing2"/>
  <testcase name="Test2" time="0.003" classname="eodValidations.Testing2">
    <failure type="java.lang.ArithmeticException" message="/ by zero">
      <![CDATA[java.lang.ArithmeticException: / by zero
at eodValidations.Testing2.Test2(Testing2.java:41)
... Removed 25 stack frames]]>
    </failure>
  </testcase> <!-- Test2 -->
  <testcase name="Test3" time="0.001" classname="eodValidations.Testing2"/>
  <testcase name="Test4" time="0.007" classname="eodValidations.Testing2"/>
  <testcase name="Test5" time="0.001" classname="eodValidations.Testing2"/>
  <testcase name="Test6" time="0.001" classname="eodValidations.Testing2"/>
  <testcase name="Test7" time="0.003" classname="eodValidations.Testing2"/>
  <testcase name="Test8" time="0.001" classname="eodValidations.Testing2"/>
  <testcase name="Test9" time="0.002" classname="eodValidations.Testing2"/>
  <testcase name="Test1" time="0.006" classname="eodValidations.Testing3"/>
  <testcase name="Test10" time="0.025" classname="eodValidations.Testing3"/>
  <testcase name="Test2" time="0.006" classname="eodValidations.Testing3">
    <failure type="java.lang.ArithmeticException" message="/ by zero">
      <![CDATA[java.lang.ArithmeticException: / by zero
at eodValidations.Testing3.Test2(Testing3.java:41)
... Removed 25 stack frames]]>
    </failure>
  </testcase> <!-- Test2 -->
  <testcase name="Test3" time="0.003" classname="eodValidations.Testing3"/>
  <testcase name="Test4" time="0.008" classname="eodValidations.Testing3"/>
  <testcase name="Test5" time="0.004" classname="eodValidations.Testing3"/>
  <testcase name="Test6" time="0.004" classname="eodValidations.Testing3"/>
  <testcase name="Test7" time="0.003" classname="eodValidations.Testing3"/>
  <testcase name="Test8" time="0.001" classname="eodValidations.Testing3"/>
  <testcase name="Test9" time="0.002" classname="eodValidations.Testing3"/>
  <testcase name="Test1" time="0.006" classname="eodValidations.Testing4"/>
  <testcase name="Test10" time="0.004" classname="eodValidations.Testing4"/>
  <testcase name="Test2" time="0.003" classname="eodValidations.Testing4">
    <failure type="java.lang.ArithmeticException" message="/ by zero">
      <![CDATA[java.lang.ArithmeticException: / by zero
at eodValidations.Testing4.Test2(Testing4.java:40)
... Removed 25 stack frames]]>
    </failure>
  </testcase> <!-- Test2 -->
  <testcase name="Test3" time="0.002" classname="eodValidations.Testing4"/>
  <testcase name="Test4" time="0.001" classname="eodValidations.Testing4"/>
  <testcase name="Test5" time="0.004" classname="eodValidations.Testing4"/>
  <testcase name="Test6" time="0.002" classname="eodValidations.Testing4"/>
  <testcase name="Test7" time="0.004" classname="eodValidations.Testing4"/>
  <testcase name="Test8" time="0.003" classname="eodValidations.Testing4"/>
  <testcase name="Test9" time="0.001" classname="eodValidations.Testing4"/>
</testsuite> <!-- Eod Validation module -->
