<?xml version="1.0" encoding="UTF-8"?>
<!-- Generated by org.testng.reporters.JUnitXMLReporter -->
<testsuite hostname="DESKTOP-I12I50L" ignored="0" name="Fund Transfer Module" tests="4" failures="2" timestamp="17 Oct 2020 04:26:14 GMT" time="0.06" errors="0">
  <testcase name="Test1" time="0.002" classname="fundTransfer.Testing"/>
  <testcase name="Test2" time="0.008" classname="fundTransfer.Testing">
    <failure type="java.lang.ArithmeticException" message="/ by zero">
      <![CDATA[java.lang.ArithmeticException: / by zero
at fundTransfer.Testing.Test2(Testing.java:62)
... Removed 25 stack frames]]>
    </failure>
  </testcase> <!-- Test2 -->
  <testcase name="Test1" time="0.002" classname="fundTransfer.Testing2"/>
  <testcase name="Test2" time="0.002" classname="fundTransfer.Testing2">
    <failure type="java.lang.ArithmeticException" message="/ by zero">
      <![CDATA[java.lang.ArithmeticException: / by zero
at fundTransfer.Testing2.Test2(Testing2.java:40)
... Removed 25 stack frames]]>
    </failure>
  </testcase> <!-- Test2 -->
</testsuite> <!-- Fund Transfer Module -->
