<?xml version="1.0" encoding="UTF-8"?>
<testng-results skipped="0" failed="1" ignored="0" total="4" passed="3">
  <reporter-output>
  </reporter-output>
  <suite name="Suite" duration-ms="22289" started-at="2020-11-20T17:42:28Z" finished-at="2020-11-20T17:42:50Z">
    <groups>
    </groups>
    <test name="Test - firefox" duration-ms="22289" started-at="2020-11-20T17:42:28Z" finished-at="2020-11-20T17:42:50Z">
      <class name="testScripts.Home.TC_HomePage_Validation">
        <test-method status="PASS" signature="oneTimeSetup()[pri:0, instance:testScripts.Home.TC_HomePage_Validation@4b9e13df]" name="oneTimeSetup" is-config="true" duration-ms="581" started-at="2020-11-20T17:42:28Z" finished-at="2020-11-20T17:42:28Z">
          <reporter-output>
          </reporter-output>
        </test-method> <!-- oneTimeSetup -->
        <test-method status="PASS" signature="setUp(java.lang.String)[pri:0, instance:testScripts.Home.TC_HomePage_Validation@4b9e13df]" name="setUp" is-config="true" duration-ms="7553" started-at="2020-11-20T17:42:28Z" finished-at="2020-11-20T17:42:36Z">
          <params>
            <param index="0">
              <value>
                <![CDATA[firefox]]>
              </value>
            </param>
          </params>
          <reporter-output>
          </reporter-output>
        </test-method> <!-- setUp -->
        <test-method status="PASS" signature="navigate()[pri:0, instance:testScripts.Home.TC_HomePage_Validation@4b9e13df]" name="navigate" is-config="true" duration-ms="10602" started-at="2020-11-20T17:42:36Z" finished-at="2020-11-20T17:42:46Z">
          <reporter-output>
          </reporter-output>
        </test-method> <!-- navigate -->
        <test-method status="FAIL" signature="testAutomobileLink()[pri:0, instance:testScripts.Home.TC_HomePage_Validation@4b9e13df]" name="testAutomobileLink" duration-ms="76" started-at="2020-11-20T17:42:46Z" finished-at="2020-11-20T17:42:46Z">
          <exception class="java.lang.AssertionError">
            <message>
              <![CDATA[Automobile link is not present on Home page expected [true] but found [false]]]>
            </message>
            <full-stacktrace>
              <![CDATA[java.lang.AssertionError: Automobile link is not present on Home page expected [true] but found [false]
at org.testng.Assert.fail(Assert.java:96)
at org.testng.Assert.failNotEquals(Assert.java:776)
at org.testng.Assert.assertTrue(Assert.java:44)
at testScripts.Home.TC_HomePage_Validation.testAutomobileLink(TC_HomePage_Validation.java:61)
at sun.reflect.NativeMethodAccessorImpl.invoke0(Native Method)
at sun.reflect.NativeMethodAccessorImpl.invoke(Unknown Source)
at sun.reflect.DelegatingMethodAccessorImpl.invoke(Unknown Source)
at java.lang.reflect.Method.invoke(Unknown Source)
at org.testng.internal.MethodInvocationHelper.invokeMethod(MethodInvocationHelper.java:124)
at org.testng.internal.Invoker.invokeMethod(Invoker.java:580)
at org.testng.internal.Invoker.invokeTestMethod(Invoker.java:716)
at org.testng.internal.Invoker.invokeTestMethods(Invoker.java:988)
at org.testng.internal.TestMethodWorker.invokeTestMethods(TestMethodWorker.java:125)
at org.testng.internal.TestMethodWorker.run(TestMethodWorker.java:109)
at org.testng.TestRunner.privateRun(TestRunner.java:648)
at org.testng.TestRunner.run(TestRunner.java:505)
at org.testng.SuiteRunner.runTest(SuiteRunner.java:455)
at org.testng.SuiteRunner.access$000(SuiteRunner.java:40)
at org.testng.SuiteRunner$SuiteWorker.run(SuiteRunner.java:489)
at org.testng.internal.thread.ThreadUtil$1.call(ThreadUtil.java:52)
at java.util.concurrent.FutureTask.run(Unknown Source)
at java.util.concurrent.ThreadPoolExecutor.runWorker(Unknown Source)
at java.util.concurrent.ThreadPoolExecutor$Worker.run(Unknown Source)
at java.lang.Thread.run(Unknown Source)
]]>
            </full-stacktrace>
          </exception> <!-- java.lang.AssertionError -->
          <reporter-output>
          </reporter-output>
        </test-method> <!-- testAutomobileLink -->
        <test-method status="PASS" signature="afterMethod(org.testng.ITestResult)[pri:0, instance:testScripts.Home.TC_HomePage_Validation@4b9e13df]" name="afterMethod" is-config="true" duration-ms="608" started-at="2020-11-20T17:42:46Z" finished-at="2020-11-20T17:42:47Z">
          <params>
            <param index="0">
              <value>
                <![CDATA[[TestResult name=testAutomobileLink status=FAILURE method=TC_HomePage_Validation.testAutomobileLink()[pri:0, instance:testScripts.Home.TC_HomePage_Validation@4b9e13df] output={null}]]]>
              </value>
            </param>
          </params>
          <reporter-output>
          </reporter-output>
        </test-method> <!-- afterMethod -->
        <test-method status="PASS" signature="navigate()[pri:0, instance:testScripts.Home.TC_HomePage_Validation@4b9e13df]" name="navigate" is-config="true" duration-ms="562" started-at="2020-11-20T17:42:47Z" finished-at="2020-11-20T17:42:48Z">
          <reporter-output>
          </reporter-output>
        </test-method> <!-- navigate -->
        <test-method status="PASS" signature="testCamperLink()[pri:0, instance:testScripts.Home.TC_HomePage_Validation@4b9e13df]" name="testCamperLink" duration-ms="1" started-at="2020-11-20T17:42:48Z" finished-at="2020-11-20T17:42:48Z">
          <reporter-output>
          </reporter-output>
        </test-method> <!-- testCamperLink -->
        <test-method status="PASS" signature="afterMethod(org.testng.ITestResult)[pri:0, instance:testScripts.Home.TC_HomePage_Validation@4b9e13df]" name="afterMethod" is-config="true" duration-ms="0" started-at="2020-11-20T17:42:48Z" finished-at="2020-11-20T17:42:48Z">
          <params>
            <param index="0">
              <value>
                <![CDATA[[TestResult name=testCamperLink status=SUCCESS method=TC_HomePage_Validation.testCamperLink()[pri:0, instance:testScripts.Home.TC_HomePage_Validation@4b9e13df] output={null}]]]>
              </value>
            </param>
          </params>
          <reporter-output>
          </reporter-output>
        </test-method> <!-- afterMethod -->
        <test-method status="PASS" signature="navigate()[pri:0, instance:testScripts.Home.TC_HomePage_Validation@4b9e13df]" name="navigate" is-config="true" duration-ms="469" started-at="2020-11-20T17:42:48Z" finished-at="2020-11-20T17:42:48Z">
          <reporter-output>
          </reporter-output>
        </test-method> <!-- navigate -->
        <test-method status="PASS" signature="testMotorCycleLink()[pri:0, instance:testScripts.Home.TC_HomePage_Validation@4b9e13df]" name="testMotorCycleLink" duration-ms="2" started-at="2020-11-20T17:42:48Z" finished-at="2020-11-20T17:42:48Z">
          <reporter-output>
          </reporter-output>
        </test-method> <!-- testMotorCycleLink -->
        <test-method status="PASS" signature="afterMethod(org.testng.ITestResult)[pri:0, instance:testScripts.Home.TC_HomePage_Validation@4b9e13df]" name="afterMethod" is-config="true" duration-ms="0" started-at="2020-11-20T17:42:48Z" finished-at="2020-11-20T17:42:48Z">
          <params>
            <param index="0">
              <value>
                <![CDATA[[TestResult name=testMotorCycleLink status=SUCCESS method=TC_HomePage_Validation.testMotorCycleLink()[pri:0, instance:testScripts.Home.TC_HomePage_Validation@4b9e13df] output={null}]]]>
              </value>
            </param>
          </params>
          <reporter-output>
          </reporter-output>
        </test-method> <!-- afterMethod -->
        <test-method status="PASS" signature="navigate()[pri:0, instance:testScripts.Home.TC_HomePage_Validation@4b9e13df]" name="navigate" is-config="true" duration-ms="564" started-at="2020-11-20T17:42:48Z" finished-at="2020-11-20T17:42:49Z">
          <reporter-output>
          </reporter-output>
        </test-method> <!-- navigate -->
        <test-method status="PASS" signature="testTruckLink()[pri:0, instance:testScripts.Home.TC_HomePage_Validation@4b9e13df]" name="testTruckLink" duration-ms="3" started-at="2020-11-20T17:42:49Z" finished-at="2020-11-20T17:42:49Z">
          <reporter-output>
          </reporter-output>
        </test-method> <!-- testTruckLink -->
        <test-method status="PASS" signature="afterMethod(org.testng.ITestResult)[pri:0, instance:testScripts.Home.TC_HomePage_Validation@4b9e13df]" name="afterMethod" is-config="true" duration-ms="2" started-at="2020-11-20T17:42:49Z" finished-at="2020-11-20T17:42:49Z">
          <params>
            <param index="0">
              <value>
                <![CDATA[[TestResult name=testTruckLink status=SUCCESS method=TC_HomePage_Validation.testTruckLink()[pri:0, instance:testScripts.Home.TC_HomePage_Validation@4b9e13df] output={null}]]]>
              </value>
            </param>
          </params>
          <reporter-output>
          </reporter-output>
        </test-method> <!-- afterMethod -->
        <test-method status="PASS" signature="tearDown()[pri:0, instance:testScripts.Home.TC_HomePage_Validation@4b9e13df]" name="tearDown" is-config="true" duration-ms="1806" started-at="2020-11-20T17:42:49Z" finished-at="2020-11-20T17:42:50Z">
          <reporter-output>
          </reporter-output>
        </test-method> <!-- tearDown -->
        <test-method status="PASS" signature="oneTimeTearDown()[pri:0, instance:testScripts.Home.TC_HomePage_Validation@4b9e13df]" name="oneTimeTearDown" is-config="true" duration-ms="0" started-at="2020-11-20T17:42:50Z" finished-at="2020-11-20T17:42:50Z">
          <reporter-output>
          </reporter-output>
        </test-method> <!-- oneTimeTearDown -->
      </class> <!-- testScripts.Home.TC_HomePage_Validation -->
    </test> <!-- Test - firefox -->
  </suite> <!-- Suite -->
</testng-results>
